[0.232s] DEBUG:colcon:Command line arguments: ['/usr/bin/colcon', 'build', '--packages-select', 'rovio_qos_relay', '--symlink-install']
[0.232s] DEBUG:colcon:Parsed command line arguments: Namespace(log_base=None, log_level=None, verb_name='build', build_base='build', install_base='install', merge_install=False, symlink_install=True, test_result_base=None, continue_on_error=False, executor='parallel', parallel_workers=6, event_handlers=None, ignore_user_meta=False, metas=['./colcon.meta'], base_paths=['.'], packages_ignore=None, packages_ignore_regex=None, paths=None, packages_up_to=None, packages_up_to_regex=None, packages_above=None, packages_above_and_dependencies=None, packages_above_depth=None, packages_select_by_dep=None, packages_skip_by_dep=None, packages_skip_up_to=None, packages_select_build_failed=False, packages_skip_build_finished=False, packages_select_test_failures=False, packages_skip_test_passed=False, packages_select=['rovio_qos_relay'], packages_skip=None, packages_select_regex=None, packages_skip_regex=None, packages_start=None, packages_end=None, allow_overriding=[], cmake_args=None, cmake_target=None, cmake_target_skip_unavailable=False, cmake_clean_cache=False, cmake_clean_first=False, cmake_force_configure=False, ament_cmake_args=None, catkin_cmake_args=None, catkin_skip_building_tests=False, verb_parser=<colcon_defaults.argument_parser.defaults.DefaultArgumentsDecorator object at 0xffffaa10d9f0>, verb_extension=<colcon_core.verb.build.BuildVerb object at 0xffffaa20ee30>, main=<bound method BuildVerb.main of <colcon_core.verb.build.BuildVerb object at 0xffffaa20ee30>>)
[0.592s] Level 1:colcon.colcon_core.package_discovery:discover_packages(colcon_meta) check parameters
[0.592s] Level 1:colcon.colcon_core.package_discovery:discover_packages(recursive) check parameters
[0.592s] Level 1:colcon.colcon_core.package_discovery:discover_packages(ignore) check parameters
[0.593s] Level 1:colcon.colcon_core.package_discovery:discover_packages(path) check parameters
[0.593s] Level 1:colcon.colcon_core.package_discovery:discover_packages(colcon_meta) discover
[0.593s] Level 1:colcon.colcon_core.package_discovery:discover_packages(recursive) discover
[0.593s] INFO:colcon.colcon_core.package_discovery:Crawling recursively for packages in '/home/hann/rovio_ws'
[0.593s] Level 1:colcon.colcon_core.package_identification:_identify(.) by extensions ['ignore', 'ignore_ament_install']
[0.593s] Level 1:colcon.colcon_core.package_identification:_identify(.) by extension 'ignore'
[0.594s] Level 1:colcon.colcon_core.package_identification:_identify(.) by extension 'ignore_ament_install'
[0.594s] Level 1:colcon.colcon_core.package_identification:_identify(.) by extensions ['colcon_pkg']
[0.594s] Level 1:colcon.colcon_core.package_identification:_identify(.) by extension 'colcon_pkg'
[0.594s] Level 1:colcon.colcon_core.package_identification:_identify(.) by extensions ['colcon_meta']
[0.594s] Level 1:colcon.colcon_core.package_identification:_identify(.) by extension 'colcon_meta'
[0.594s] Level 1:colcon.colcon_core.package_identification:_identify(.) by extensions ['ros']
[0.594s] Level 1:colcon.colcon_core.package_identification:_identify(.) by extension 'ros'
[0.683s] Level 1:colcon.colcon_core.package_identification:_identify(.) by extensions ['cmake', 'python']
[0.683s] Level 1:colcon.colcon_core.package_identification:_identify(.) by extension 'cmake'
[0.683s] Level 1:colcon.colcon_core.package_identification:_identify(.) by extension 'python'
[0.683s] Level 1:colcon.colcon_core.package_identification:_identify(.) by extensions ['python_setup_py']
[0.683s] Level 1:colcon.colcon_core.package_identification:_identify(.) by extension 'python_setup_py'
[0.684s] Level 1:colcon.colcon_core.package_identification:_identify(build) by extensions ['ignore', 'ignore_ament_install']
[0.684s] Level 1:colcon.colcon_core.package_identification:_identify(build) by extension 'ignore'
[0.684s] Level 1:colcon.colcon_core.package_identification:_identify(build) ignored
[0.684s] Level 1:colcon.colcon_core.package_identification:_identify(install) by extensions ['ignore', 'ignore_ament_install']
[0.685s] Level 1:colcon.colcon_core.package_identification:_identify(install) by extension 'ignore'
[0.685s] Level 1:colcon.colcon_core.package_identification:_identify(install) ignored
[0.685s] Level 1:colcon.colcon_core.package_identification:_identify(log) by extensions ['ignore', 'ignore_ament_install']
[0.685s] Level 1:colcon.colcon_core.package_identification:_identify(log) by extension 'ignore'
[0.685s] Level 1:colcon.colcon_core.package_identification:_identify(log) ignored
[0.685s] Level 1:colcon.colcon_core.package_identification:_identify(src) by extensions ['ignore', 'ignore_ament_install']
[0.685s] Level 1:colcon.colcon_core.package_identification:_identify(src) by extension 'ignore'
[0.686s] Level 1:colcon.colcon_core.package_identification:_identify(src) by extension 'ignore_ament_install'
[0.686s] Level 1:colcon.colcon_core.package_identification:_identify(src) by extensions ['colcon_pkg']
[0.686s] Level 1:colcon.colcon_core.package_identification:_identify(src) by extension 'colcon_pkg'
[0.686s] Level 1:colcon.colcon_core.package_identification:_identify(src) by extensions ['colcon_meta']
[0.686s] Level 1:colcon.colcon_core.package_identification:_identify(src) by extension 'colcon_meta'
[0.686s] Level 1:colcon.colcon_core.package_identification:_identify(src) by extensions ['ros']
[0.686s] Level 1:colcon.colcon_core.package_identification:_identify(src) by extension 'ros'
[0.686s] Level 1:colcon.colcon_core.package_identification:_identify(src) by extensions ['cmake', 'python']
[0.686s] Level 1:colcon.colcon_core.package_identification:_identify(src) by extension 'cmake'
[0.687s] Level 1:colcon.colcon_core.package_identification:_identify(src) by extension 'python'
[0.687s] Level 1:colcon.colcon_core.package_identification:_identify(src) by extensions ['python_setup_py']
[0.687s] Level 1:colcon.colcon_core.package_identification:_identify(src) by extension 'python_setup_py'
[0.687s] Level 1:colcon.colcon_core.package_identification:_identify(src/rovio) by extensions ['ignore', 'ignore_ament_install']
[0.687s] Level 1:colcon.colcon_core.package_identification:_identify(src/rovio) by extension 'ignore'
[0.687s] Level 1:colcon.colcon_core.package_identification:_identify(src/rovio) by extension 'ignore_ament_install'
[0.687s] Level 1:colcon.colcon_core.package_identification:_identify(src/rovio) by extensions ['colcon_pkg']
[0.687s] Level 1:colcon.colcon_core.package_identification:_identify(src/rovio) by extension 'colcon_pkg'
[0.688s] Level 1:colcon.colcon_core.package_identification:_identify(src/rovio) by extensions ['colcon_meta']
[0.688s] Level 1:colcon.colcon_core.package_identification:_identify(src/rovio) by extension 'colcon_meta'
[0.688s] Level 1:colcon.colcon_core.package_identification:_identify(src/rovio) by extensions ['ros']
[0.688s] Level 1:colcon.colcon_core.package_identification:_identify(src/rovio) by extension 'ros'
[0.696s] DEBUG:colcon.colcon_core.package_identification:Package 'src/rovio' with type 'ros.ament_cmake' and name 'rovio'
[0.696s] Level 1:colcon.colcon_core.package_identification:_identify(src/rovio_interfaces) by extensions ['ignore', 'ignore_ament_install']
[0.696s] Level 1:colcon.colcon_core.package_identification:_identify(src/rovio_interfaces) by extension 'ignore'
[0.696s] Level 1:colcon.colcon_core.package_identification:_identify(src/rovio_interfaces) by extension 'ignore_ament_install'
[0.696s] Level 1:colcon.colcon_core.package_identification:_identify(src/rovio_interfaces) by extensions ['colcon_pkg']
[0.697s] Level 1:colcon.colcon_core.package_identification:_identify(src/rovio_interfaces) by extension 'colcon_pkg'
[0.697s] Level 1:colcon.colcon_core.package_identification:_identify(src/rovio_interfaces) by extensions ['colcon_meta']
[0.697s] Level 1:colcon.colcon_core.package_identification:_identify(src/rovio_interfaces) by extension 'colcon_meta'
[0.697s] Level 1:colcon.colcon_core.package_identification:_identify(src/rovio_interfaces) by extensions ['ros']
[0.697s] Level 1:colcon.colcon_core.package_identification:_identify(src/rovio_interfaces) by extension 'ros'
[0.698s] DEBUG:colcon.colcon_core.package_identification:Package 'src/rovio_interfaces' with type 'ros.ament_cmake' and name 'rovio_interfaces'
[0.699s] Level 1:colcon.colcon_core.package_identification:_identify(src/rovio_qos_relay) by extensions ['ignore', 'ignore_ament_install']
[0.699s] Level 1:colcon.colcon_core.package_identification:_identify(src/rovio_qos_relay) by extension 'ignore'
[0.699s] Level 1:colcon.colcon_core.package_identification:_identify(src/rovio_qos_relay) by extension 'ignore_ament_install'
[0.699s] Level 1:colcon.colcon_core.package_identification:_identify(src/rovio_qos_relay) by extensions ['colcon_pkg']
[0.699s] Level 1:colcon.colcon_core.package_identification:_identify(src/rovio_qos_relay) by extension 'colcon_pkg'
[0.699s] Level 1:colcon.colcon_core.package_identification:_identify(src/rovio_qos_relay) by extensions ['colcon_meta']
[0.699s] Level 1:colcon.colcon_core.package_identification:_identify(src/rovio_qos_relay) by extension 'colcon_meta'
[0.699s] Level 1:colcon.colcon_core.package_identification:_identify(src/rovio_qos_relay) by extensions ['ros']
[0.699s] Level 1:colcon.colcon_core.package_identification:_identify(src/rovio_qos_relay) by extension 'ros'
[0.700s] DEBUG:colcon.colcon_core.package_identification:Package 'src/rovio_qos_relay' with type 'ros.ament_python' and name 'rovio_qos_relay'
[0.700s] Level 1:colcon.colcon_core.package_discovery:discover_packages(recursive) using defaults
[0.701s] Level 1:colcon.colcon_core.package_discovery:discover_packages(ignore) discover
[0.701s] Level 1:colcon.colcon_core.package_discovery:discover_packages(ignore) using defaults
[0.701s] Level 1:colcon.colcon_core.package_discovery:discover_packages(path) discover
[0.701s] Level 1:colcon.colcon_core.package_discovery:discover_packages(path) using defaults
[0.741s] INFO:colcon.colcon_core.package_selection:Skipping not selected package 'rovio_interfaces' in 'src/rovio_interfaces'
[0.741s] INFO:colcon.colcon_core.package_selection:Skipping not selected package 'rovio' in 'src/rovio'
[0.742s] Level 1:colcon.colcon_core.package_discovery:discover_packages(prefix_path) check parameters
[0.742s] Level 1:colcon.colcon_core.package_discovery:discover_packages(prefix_path) discover
[0.746s] DEBUG:colcon.colcon_installed_package_information.package_discovery:Found 3 installed packages in /home/hann/rovio_ws/install
[0.749s] DEBUG:colcon.colcon_installed_package_information.package_discovery:Found 278 installed packages in /opt/ros/humble
[0.751s] Level 1:colcon.colcon_core.package_discovery:discover_packages(prefix_path) using defaults
[0.827s] Level 5:colcon.colcon_core.verb:set package 'rovio_qos_relay' build argument 'cmake_args' from command line to 'None'
[0.828s] Level 5:colcon.colcon_core.verb:set package 'rovio_qos_relay' build argument 'cmake_target' from command line to 'None'
[0.828s] Level 5:colcon.colcon_core.verb:set package 'rovio_qos_relay' build argument 'cmake_target_skip_unavailable' from command line to 'False'
[0.828s] Level 5:colcon.colcon_core.verb:set package 'rovio_qos_relay' build argument 'cmake_clean_cache' from command line to 'False'
[0.828s] Level 5:colcon.colcon_core.verb:set package 'rovio_qos_relay' build argument 'cmake_clean_first' from command line to 'False'
[0.828s] Level 5:colcon.colcon_core.verb:set package 'rovio_qos_relay' build argument 'cmake_force_configure' from command line to 'False'
[0.828s] Level 5:colcon.colcon_core.verb:set package 'rovio_qos_relay' build argument 'ament_cmake_args' from command line to 'None'
[0.828s] Level 5:colcon.colcon_core.verb:set package 'rovio_qos_relay' build argument 'catkin_cmake_args' from command line to 'None'
[0.828s] Level 5:colcon.colcon_core.verb:set package 'rovio_qos_relay' build argument 'catkin_skip_building_tests' from command line to 'False'
[0.828s] DEBUG:colcon.colcon_core.verb:Building package 'rovio_qos_relay' with the following arguments: {'ament_cmake_args': None, 'build_base': '/home/hann/rovio_ws/build/rovio_qos_relay', 'catkin_cmake_args': None, 'catkin_skip_building_tests': False, 'cmake_args': None, 'cmake_clean_cache': False, 'cmake_clean_first': False, 'cmake_force_configure': False, 'cmake_target': None, 'cmake_target_skip_unavailable': False, 'install_base': '/home/hann/rovio_ws/install/rovio_qos_relay', 'merge_install': False, 'path': '/home/hann/rovio_ws/src/rovio_qos_relay', 'symlink_install': True, 'test_result_base': None}
[0.829s] INFO:colcon.colcon_core.executor:Executing jobs using 'parallel' executor
[0.831s] DEBUG:colcon.colcon_parallel_executor.executor.parallel:run_until_complete
[0.831s] INFO:colcon.colcon_ros.task.ament_python.build:Building ROS package in '/home/hann/rovio_ws/src/rovio_qos_relay' with build type 'ament_python'
[0.832s] Level 1:colcon.colcon_core.shell:create_environment_hook('rovio_qos_relay', 'ament_prefix_path')
[0.836s] INFO:colcon.colcon_core.plugin_system:Skipping extension 'colcon_core.shell.bat': Not used on non-Windows systems
[0.836s] INFO:colcon.colcon_core.shell:Creating environment hook '/home/hann/rovio_ws/install/rovio_qos_relay/share/rovio_qos_relay/hook/ament_prefix_path.ps1'
[0.838s] INFO:colcon.colcon_core.shell:Creating environment descriptor '/home/hann/rovio_ws/install/rovio_qos_relay/share/rovio_qos_relay/hook/ament_prefix_path.dsv'
[0.839s] INFO:colcon.colcon_core.shell:Creating environment hook '/home/hann/rovio_ws/install/rovio_qos_relay/share/rovio_qos_relay/hook/ament_prefix_path.sh'
[0.840s] INFO:colcon.colcon_core.shell:Skip shell extension 'powershell' for command environment: Not usable outside of PowerShell
[0.840s] DEBUG:colcon.colcon_core.shell:Skip shell extension 'dsv' for command environment
[1.393s] INFO:colcon.colcon_core.task.python.build:Building Python package in '/home/hann/rovio_ws/src/rovio_qos_relay'
[1.393s] INFO:colcon.colcon_core.shell:Skip shell extension 'powershell' for command environment: Not usable outside of PowerShell
[1.393s] DEBUG:colcon.colcon_core.shell:Skip shell extension 'dsv' for command environment
[2.235s] DEBUG:colcon.colcon_core.event_handler.log_command:Invoking command in '/home/hann/rovio_ws/build/rovio_qos_relay': PYTHONPATH=/home/hann/rovio_ws/build/rovio_qos_relay/prefix_override:/usr/lib/python3/dist-packages/colcon_core/task/python/colcon_distutils_commands:/home/hann/rovio_ws/install/rovio_qos_relay/lib/python3.10/site-packages:${PYTHONPATH} /usr/bin/python3 -W ignore:setup.py install is deprecated -W ignore:easy_install command is deprecated setup.py develop --editable --build-directory /home/hann/rovio_ws/build/rovio_qos_relay/build --no-deps symlink_data
[3.251s] Level 1:colcon.colcon_core.shell:create_environment_hook('rovio_qos_relay', 'pythonpath_develop')
[3.252s] INFO:colcon.colcon_core.shell:Creating environment hook '/home/hann/rovio_ws/build/rovio_qos_relay/share/rovio_qos_relay/hook/pythonpath_develop.ps1'
[3.254s] DEBUG:colcon.colcon_core.event_handler.log_command:Invoked command in '/home/hann/rovio_ws/build/rovio_qos_relay' returned '0': PYTHONPATH=/home/hann/rovio_ws/build/rovio_qos_relay/prefix_override:/usr/lib/python3/dist-packages/colcon_core/task/python/colcon_distutils_commands:/home/hann/rovio_ws/install/rovio_qos_relay/lib/python3.10/site-packages:${PYTHONPATH} /usr/bin/python3 -W ignore:setup.py install is deprecated -W ignore:easy_install command is deprecated setup.py develop --editable --build-directory /home/hann/rovio_ws/build/rovio_qos_relay/build --no-deps symlink_data
[3.255s] INFO:colcon.colcon_core.shell:Creating environment descriptor '/home/hann/rovio_ws/build/rovio_qos_relay/share/rovio_qos_relay/hook/pythonpath_develop.dsv'
[3.257s] INFO:colcon.colcon_core.shell:Creating environment hook '/home/hann/rovio_ws/build/rovio_qos_relay/share/rovio_qos_relay/hook/pythonpath_develop.sh'
[3.267s] Level 1:colcon.colcon_core.environment:checking '/home/hann/rovio_ws/install/rovio_qos_relay' for CMake module files
[3.268s] Level 1:colcon.colcon_core.environment:checking '/home/hann/rovio_ws/install/rovio_qos_relay' for CMake config files
[3.270s] Level 1:colcon.colcon_core.environment:checking '/home/hann/rovio_ws/install/rovio_qos_relay/lib'
[3.271s] Level 1:colcon.colcon_core.environment:checking '/home/hann/rovio_ws/install/rovio_qos_relay/bin'
[3.272s] Level 1:colcon.colcon_core.environment:checking '/home/hann/rovio_ws/install/rovio_qos_relay/lib/pkgconfig/rovio_qos_relay.pc'
[3.272s] Level 1:colcon.colcon_core.environment:checking '/home/hann/rovio_ws/install/rovio_qos_relay/lib/python3.10/site-packages'
[3.273s] Level 1:colcon.colcon_core.shell:create_environment_hook('rovio_qos_relay', 'pythonpath')
[3.274s] INFO:colcon.colcon_core.shell:Creating environment hook '/home/hann/rovio_ws/install/rovio_qos_relay/share/rovio_qos_relay/hook/pythonpath.ps1'
[3.275s] INFO:colcon.colcon_core.shell:Creating environment descriptor '/home/hann/rovio_ws/install/rovio_qos_relay/share/rovio_qos_relay/hook/pythonpath.dsv'
[3.277s] INFO:colcon.colcon_core.shell:Creating environment hook '/home/hann/rovio_ws/install/rovio_qos_relay/share/rovio_qos_relay/hook/pythonpath.sh'
[3.279s] Level 1:colcon.colcon_core.environment:checking '/home/hann/rovio_ws/install/rovio_qos_relay/bin'
[3.279s] Level 1:colcon.colcon_core.environment:create_environment_scripts_only(rovio_qos_relay)
[3.281s] INFO:colcon.colcon_core.shell:Creating package script '/home/hann/rovio_ws/install/rovio_qos_relay/share/rovio_qos_relay/package.ps1'
[3.285s] INFO:colcon.colcon_core.shell:Creating package descriptor '/home/hann/rovio_ws/install/rovio_qos_relay/share/rovio_qos_relay/package.dsv'
[3.288s] INFO:colcon.colcon_core.shell:Creating package script '/home/hann/rovio_ws/install/rovio_qos_relay/share/rovio_qos_relay/package.sh'
[3.291s] INFO:colcon.colcon_core.shell:Creating package script '/home/hann/rovio_ws/install/rovio_qos_relay/share/rovio_qos_relay/package.bash'
[3.294s] INFO:colcon.colcon_core.shell:Creating package script '/home/hann/rovio_ws/install/rovio_qos_relay/share/rovio_qos_relay/package.zsh'
[3.296s] Level 1:colcon.colcon_core.environment:create_file_with_runtime_dependencies(/home/hann/rovio_ws/install/rovio_qos_relay/share/colcon-core/packages/rovio_qos_relay)
[3.297s] DEBUG:colcon.colcon_parallel_executor.executor.parallel:closing loop
[3.298s] DEBUG:colcon.colcon_parallel_executor.executor.parallel:loop closed
[3.299s] DEBUG:colcon.colcon_parallel_executor.executor.parallel:run_until_complete finished with '0'
[3.299s] DEBUG:colcon.colcon_core.event_reactor:joining thread
[3.300s] DEBUG:colcon.colcon_core.event_reactor:joined thread
[3.301s] INFO:colcon.colcon_core.shell:Creating prefix script '/home/hann/rovio_ws/install/local_setup.ps1'
[3.305s] INFO:colcon.colcon_core.shell:Creating prefix util module '/home/hann/rovio_ws/install/_local_setup_util_ps1.py'
[3.310s] INFO:colcon.colcon_core.shell:Creating prefix chain script '/home/hann/rovio_ws/install/setup.ps1'
[3.314s] INFO:colcon.colcon_core.shell:Creating prefix script '/home/hann/rovio_ws/install/local_setup.sh'
[3.316s] INFO:colcon.colcon_core.shell:Creating prefix util module '/home/hann/rovio_ws/install/_local_setup_util_sh.py'
[3.319s] INFO:colcon.colcon_core.shell:Creating prefix chain script '/home/hann/rovio_ws/install/setup.sh'
[3.323s] INFO:colcon.colcon_core.shell:Creating prefix script '/home/hann/rovio_ws/install/local_setup.bash'
[3.324s] INFO:colcon.colcon_core.shell:Creating prefix chain script '/home/hann/rovio_ws/install/setup.bash'
[3.328s] INFO:colcon.colcon_core.shell:Creating prefix script '/home/hann/rovio_ws/install/local_setup.zsh'
[3.330s] INFO:colcon.colcon_core.shell:Creating prefix chain script '/home/hann/rovio_ws/install/setup.zsh'
