-- The C compiler identification is GNU 11.4.0
-- The CXX compiler identification is GNU 11.4.0
-- Detecting C compiler ABI info
-- Detecting C compiler ABI info - done
-- Check for working C compiler: /usr/bin/cc - skipped
-- Detecting C compile features
-- Detecting C compile features - done
-- Detecting CXX compiler ABI info
-- Detecting CXX compiler ABI info - done
-- Check for working CXX compiler: /usr/bin/c++ - skipped
-- Detecting CXX compile features
-- Detecting CXX compile features - done
-- Found ament_cmake: 1.3.14 (/opt/ros/humble/share/ament_cmake/cmake)
-- Found Python3: /usr/bin/python3 (found version "3.10.12") found components: Interpreter 
-- Override CMake install command with custom implementation using symlinks instead of copying resources
-- Found geometry_msgs: 4.9.1 (/opt/ros/humble/share/geometry_msgs/cmake)
-- Found rosidl_generator_c: 3.1.8 (/opt/ros/humble/share/rosidl_generator_c/cmake)
-- Found rosidl_adapter: 3.1.8 (/opt/ros/humble/share/rosidl_adapter/cmake)
-- Found rosidl_generator_cpp: 3.1.8 (/opt/ros/humble/share/rosidl_generator_cpp/cmake)
-- Using all available rosidl_typesupport_c: rosidl_typesupport_fastrtps_c;rosidl_typesupport_introspection_c
-- Using all available rosidl_typesupport_cpp: rosidl_typesupport_fastrtps_cpp;rosidl_typesupport_introspection_cpp
-- Found rosidl_default_generators: 1.2.1 (/opt/ros/humble/share/rosidl_default_generators/cmake)
-- Found ament_cmake_ros: 0.10.0 (/opt/ros/humble/share/ament_cmake_ros/cmake)
-- Using all available rosidl_typesupport_c: rosidl_typesupport_fastrtps_c;rosidl_typesupport_introspection_c
-- Using all available rosidl_typesupport_cpp: rosidl_typesupport_fastrtps_cpp;rosidl_typesupport_introspection_cpp
-- Found PythonInterp: /usr/bin/python3 (found suitable version "3.10.12", minimum required is "3.6") 
-- Found python_cmake_module: 0.10.0 (/opt/ros/humble/share/python_cmake_module/cmake)
-- Found PythonLibs: /usr/lib/aarch64-linux-gnu/libpython3.10.so (found suitable version "3.10.12", minimum required is "3.5") 
-- Using PYTHON_EXECUTABLE: /usr/bin/python3
-- Using PYTHON_INCLUDE_DIRS: /usr/include/python3.10
-- Using PYTHON_LIBRARIES: /usr/lib/aarch64-linux-gnu/libpython3.10.so
-- Found PythonExtra: .so  
-- Configuring done
-- Generating done
-- Build files have been written to: /home/hann/rovio_ws/build/rovio_interfaces
[  2%] [34m[1mGenerating C code for ROS interfaces[0m
[  5%] [34m[1mGenerating C++ code for ROS interfaces[0m
[  7%] [34m[1mGenerating Rust code for ROS interfaces[0m
[  7%] Built target ament_cmake_python_symlink_rovio_interfaces
running egg_info
creating rovio_interfaces.egg-info
writing rovio_interfaces.egg-info/PKG-INFO
writing dependency_links to rovio_interfaces.egg-info/dependency_links.txt
writing top-level names to rovio_interfaces.egg-info/top_level.txt
writing manifest file 'rovio_interfaces.egg-info/SOURCES.txt'
reading manifest file 'rovio_interfaces.egg-info/SOURCES.txt'
writing manifest file 'rovio_interfaces.egg-info/SOURCES.txt'
[  7%] Built target rovio_interfaces__rs
[  7%] Built target ament_cmake_python_build_rovio_interfaces_egg
[  7%] Built target rovio_interfaces__cpp
[ 15%] [34m[1mGenerating C++ type support dispatch for ROS interfaces[0m
[ 15%] [34m[1mGenerating C++ introspection for ROS interfaces[0m
[ 15%] [34m[1mGenerating C++ type support for eProsima Fast-RTPS[0m
[ 20%] [32mBuilding C object CMakeFiles/rovio_interfaces__rosidl_generator_c.dir/rosidl_generator_c/rovio_interfaces/srv/detail/srv_reset_to_pose__functions.c.o[0m
[ 20%] [32mBuilding C object CMakeFiles/rovio_interfaces__rosidl_generator_c.dir/rosidl_generator_c/rovio_interfaces/msg/detail/health__functions.c.o[0m
[ 22%] [32m[1mLinking C shared library librovio_interfaces__rosidl_generator_c.so[0m
[ 22%] Built target rovio_interfaces__rosidl_generator_c
[ 25%] [34m[1mGenerating C type support dispatch for ROS interfaces[0m
[ 27%] [34m[1mGenerating C introspection for ROS interfaces[0m
[ 30%] [34m[1mGenerating C type support for eProsima Fast-RTPS[0m
[ 32%] [32mBuilding CXX object CMakeFiles/rovio_interfaces__rosidl_typesupport_cpp.dir/rosidl_typesupport_cpp/rovio_interfaces/srv/srv_reset_to_pose__type_support.cpp.o[0m
[ 35%] [32mBuilding CXX object CMakeFiles/rovio_interfaces__rosidl_typesupport_introspection_cpp.dir/rosidl_typesupport_introspection_cpp/rovio_interfaces/srv/detail/srv_reset_to_pose__type_support.cpp.o[0m
[ 37%] [32mBuilding CXX object CMakeFiles/rovio_interfaces__rosidl_typesupport_fastrtps_cpp.dir/rosidl_typesupport_fastrtps_cpp/rovio_interfaces/srv/detail/dds_fastrtps/srv_reset_to_pose__type_support.cpp.o[0m
[ 40%] [32mBuilding CXX object CMakeFiles/rovio_interfaces__rosidl_typesupport_c.dir/rosidl_typesupport_c/rovio_interfaces/srv/srv_reset_to_pose__type_support.cpp.o[0m
[ 42%] [32mBuilding CXX object CMakeFiles/rovio_interfaces__rosidl_typesupport_c.dir/rosidl_typesupport_c/rovio_interfaces/msg/health__type_support.cpp.o[0m
[ 45%] [32mBuilding C object CMakeFiles/rovio_interfaces__rosidl_typesupport_introspection_c.dir/rosidl_typesupport_introspection_c/rovio_interfaces/srv/detail/srv_reset_to_pose__type_support.c.o[0m
[ 47%] [32m[1mLinking CXX shared library librovio_interfaces__rosidl_typesupport_c.so[0m
[ 50%] [32mBuilding CXX object CMakeFiles/rovio_interfaces__rosidl_typesupport_fastrtps_c.dir/rosidl_typesupport_fastrtps_c/rovio_interfaces/srv/detail/srv_reset_to_pose__type_support_c.cpp.o[0m
[ 52%] [32mBuilding CXX object CMakeFiles/rovio_interfaces__rosidl_typesupport_cpp.dir/rosidl_typesupport_cpp/rovio_interfaces/msg/health__type_support.cpp.o[0m
[ 52%] Built target rovio_interfaces__rosidl_typesupport_c
[ 55%] [32mBuilding C object CMakeFiles/rovio_interfaces__rosidl_typesupport_introspection_c.dir/rosidl_typesupport_introspection_c/rovio_interfaces/msg/detail/health__type_support.c.o[0m
[ 57%] [32mBuilding CXX object CMakeFiles/rovio_interfaces__rosidl_typesupport_fastrtps_c.dir/rosidl_typesupport_fastrtps_c/rovio_interfaces/msg/detail/health__type_support_c.cpp.o[0m
[ 60%] [32m[1mLinking C shared library librovio_interfaces__rosidl_typesupport_introspection_c.so[0m
[ 60%] Built target rovio_interfaces__rosidl_typesupport_introspection_c
[ 62%] [32mBuilding CXX object CMakeFiles/rovio_interfaces__rosidl_typesupport_introspection_cpp.dir/rosidl_typesupport_introspection_cpp/rovio_interfaces/msg/detail/health__type_support.cpp.o[0m
[ 65%] [32mBuilding CXX object CMakeFiles/rovio_interfaces__rosidl_typesupport_fastrtps_cpp.dir/rosidl_typesupport_fastrtps_cpp/rovio_interfaces/msg/detail/dds_fastrtps/health__type_support.cpp.o[0m
[ 67%] [32m[1mLinking CXX shared library librovio_interfaces__rosidl_typesupport_cpp.so[0m
[ 67%] Built target rovio_interfaces__rosidl_typesupport_cpp
[ 70%] [32m[1mLinking CXX shared library librovio_interfaces__rosidl_typesupport_fastrtps_c.so[0m
[ 70%] Built target rovio_interfaces__rosidl_typesupport_fastrtps_c
[ 72%] [32m[1mLinking CXX shared library librovio_interfaces__rosidl_typesupport_introspection_cpp.so[0m
[ 72%] Built target rovio_interfaces__rosidl_typesupport_introspection_cpp
[ 75%] [32m[1mLinking CXX shared library librovio_interfaces__rosidl_typesupport_fastrtps_cpp.so[0m
[ 75%] Built target rovio_interfaces__rosidl_typesupport_fastrtps_cpp
[ 75%] Built target rovio_interfaces
[ 77%] [34m[1mGenerating Python code for ROS interfaces[0m
[ 77%] Built target rovio_interfaces__py
[ 82%] [32mBuilding C object CMakeFiles/rovio_interfaces__rosidl_generator_py.dir/rosidl_generator_py/rovio_interfaces/msg/_health_s.c.o[0m
[ 82%] [32mBuilding C object CMakeFiles/rovio_interfaces__rosidl_generator_py.dir/rosidl_generator_py/rovio_interfaces/srv/_srv_reset_to_pose_s.c.o[0m
[ 85%] [32m[1mLinking C shared library rosidl_generator_py/rovio_interfaces/librovio_interfaces__rosidl_generator_py.so[0m
[ 85%] Built target rovio_interfaces__rosidl_generator_py
[ 92%] [32mBuilding C object CMakeFiles/rovio_interfaces__rosidl_typesupport_c__pyext.dir/rosidl_generator_py/rovio_interfaces/_rovio_interfaces_s.ep.rosidl_typesupport_c.c.o[0m
[ 92%] [32mBuilding C object CMakeFiles/rovio_interfaces__rosidl_typesupport_fastrtps_c__pyext.dir/rosidl_generator_py/rovio_interfaces/_rovio_interfaces_s.ep.rosidl_typesupport_fastrtps_c.c.o[0m
[ 92%] [32mBuilding C object CMakeFiles/rovio_interfaces__rosidl_typesupport_introspection_c__pyext.dir/rosidl_generator_py/rovio_interfaces/_rovio_interfaces_s.ep.rosidl_typesupport_introspection_c.c.o[0m
[ 95%] [32m[1mLinking C shared library rosidl_generator_py/rovio_interfaces/rovio_interfaces_s__rosidl_typesupport_fastrtps_c.cpython-310-aarch64-linux-gnu.so[0m
[ 97%] [32m[1mLinking C shared library rosidl_generator_py/rovio_interfaces/rovio_interfaces_s__rosidl_typesupport_introspection_c.cpython-310-aarch64-linux-gnu.so[0m
[100%] [32m[1mLinking C shared library rosidl_generator_py/rovio_interfaces/rovio_interfaces_s__rosidl_typesupport_c.cpython-310-aarch64-linux-gnu.so[0m
[100%] Built target rovio_interfaces__rosidl_typesupport_introspection_c__pyext
[100%] Built target rovio_interfaces__rosidl_typesupport_fastrtps_c__pyext
[100%] Built target rovio_interfaces__rosidl_typesupport_c__pyext
-- Install configuration: "Release"
-- Execute custom install script
-- Symlinking: /home/hann/rovio_ws/install/rovio_interfaces/share/ament_index/resource_index/rosidl_interfaces/rovio_interfaces
-- Symlinking: /home/hann/rovio_ws/install/rovio_interfaces/include/rovio_interfaces/rovio_interfaces/msg/detail/health__functions.h
-- Symlinking: /home/hann/rovio_ws/install/rovio_interfaces/include/rovio_interfaces/rovio_interfaces/msg/detail/health__struct.h
-- Symlinking: /home/hann/rovio_ws/install/rovio_interfaces/include/rovio_interfaces/rovio_interfaces/msg/detail/health__type_support.h
-- Symlinking: /home/hann/rovio_ws/install/rovio_interfaces/include/rovio_interfaces/rovio_interfaces/msg/health.h
-- Symlinking: /home/hann/rovio_ws/install/rovio_interfaces/include/rovio_interfaces/rovio_interfaces/msg/rosidl_generator_c__visibility_control.h
-- Symlinking: /home/hann/rovio_ws/install/rovio_interfaces/include/rovio_interfaces/rovio_interfaces/srv/detail/srv_reset_to_pose__functions.h
-- Symlinking: /home/hann/rovio_ws/install/rovio_interfaces/include/rovio_interfaces/rovio_interfaces/srv/detail/srv_reset_to_pose__struct.h
-- Symlinking: /home/hann/rovio_ws/install/rovio_interfaces/include/rovio_interfaces/rovio_interfaces/srv/detail/srv_reset_to_pose__type_support.h
-- Symlinking: /home/hann/rovio_ws/install/rovio_interfaces/include/rovio_interfaces/rovio_interfaces/srv/srv_reset_to_pose.h
-- Symlinking: /home/hann/rovio_ws/install/rovio_interfaces/share/rovio_interfaces/environment/library_path.sh
-- Symlinking: /home/hann/rovio_ws/install/rovio_interfaces/share/rovio_interfaces/environment/library_path.dsv
-- Symlinking: /home/hann/rovio_ws/install/rovio_interfaces/include/rovio_interfaces/rovio_interfaces/msg/detail/health__rosidl_typesupport_fastrtps_c.h
-- Symlinking: /home/hann/rovio_ws/install/rovio_interfaces/include/rovio_interfaces/rovio_interfaces/msg/rosidl_typesupport_fastrtps_c__visibility_control.h
-- Symlinking: /home/hann/rovio_ws/install/rovio_interfaces/include/rovio_interfaces/rovio_interfaces/srv/detail/srv_reset_to_pose__rosidl_typesupport_fastrtps_c.h
-- Symlinking: /home/hann/rovio_ws/install/rovio_interfaces/include/rovio_interfaces/rovio_interfaces/msg/detail/health__builder.hpp
-- Symlinking: /home/hann/rovio_ws/install/rovio_interfaces/include/rovio_interfaces/rovio_interfaces/msg/detail/health__struct.hpp
-- Symlinking: /home/hann/rovio_ws/install/rovio_interfaces/include/rovio_interfaces/rovio_interfaces/msg/detail/health__traits.hpp
-- Symlinking: /home/hann/rovio_ws/install/rovio_interfaces/include/rovio_interfaces/rovio_interfaces/msg/detail/health__type_support.hpp
-- Symlinking: /home/hann/rovio_ws/install/rovio_interfaces/include/rovio_interfaces/rovio_interfaces/msg/health.hpp
-- Symlinking: /home/hann/rovio_ws/install/rovio_interfaces/include/rovio_interfaces/rovio_interfaces/msg/rosidl_generator_cpp__visibility_control.hpp
-- Symlinking: /home/hann/rovio_ws/install/rovio_interfaces/include/rovio_interfaces/rovio_interfaces/srv/detail/srv_reset_to_pose__builder.hpp
-- Symlinking: /home/hann/rovio_ws/install/rovio_interfaces/include/rovio_interfaces/rovio_interfaces/srv/detail/srv_reset_to_pose__struct.hpp
-- Symlinking: /home/hann/rovio_ws/install/rovio_interfaces/include/rovio_interfaces/rovio_interfaces/srv/detail/srv_reset_to_pose__traits.hpp
-- Symlinking: /home/hann/rovio_ws/install/rovio_interfaces/include/rovio_interfaces/rovio_interfaces/srv/detail/srv_reset_to_pose__type_support.hpp
-- Symlinking: /home/hann/rovio_ws/install/rovio_interfaces/include/rovio_interfaces/rovio_interfaces/srv/srv_reset_to_pose.hpp
-- Symlinking: /home/hann/rovio_ws/install/rovio_interfaces/include/rovio_interfaces/rovio_interfaces/msg/detail/health__rosidl_typesupport_fastrtps_cpp.hpp
-- Symlinking: /home/hann/rovio_ws/install/rovio_interfaces/include/rovio_interfaces/rovio_interfaces/msg/rosidl_typesupport_fastrtps_cpp__visibility_control.h
-- Symlinking: /home/hann/rovio_ws/install/rovio_interfaces/include/rovio_interfaces/rovio_interfaces/srv/detail/srv_reset_to_pose__rosidl_typesupport_fastrtps_cpp.hpp
-- Symlinking: /home/hann/rovio_ws/install/rovio_interfaces/include/rovio_interfaces/rovio_interfaces/msg/detail/health__rosidl_typesupport_introspection_c.h
-- Symlinking: /home/hann/rovio_ws/install/rovio_interfaces/include/rovio_interfaces/rovio_interfaces/msg/rosidl_typesupport_introspection_c__visibility_control.h
-- Symlinking: /home/hann/rovio_ws/install/rovio_interfaces/include/rovio_interfaces/rovio_interfaces/srv/detail/srv_reset_to_pose__rosidl_typesupport_introspection_c.h
-- Symlinking: /home/hann/rovio_ws/install/rovio_interfaces/include/rovio_interfaces/rovio_interfaces/msg/detail/health__rosidl_typesupport_introspection_cpp.hpp
-- Symlinking: /home/hann/rovio_ws/install/rovio_interfaces/include/rovio_interfaces/rovio_interfaces/srv/detail/srv_reset_to_pose__rosidl_typesupport_introspection_cpp.hpp
-- Symlinking: /home/hann/rovio_ws/install/rovio_interfaces/share/rovio_interfaces/environment/pythonpath.sh
-- Symlinking: /home/hann/rovio_ws/install/rovio_interfaces/share/rovio_interfaces/environment/pythonpath.dsv
-- Symlinking: /home/hann/rovio_ws/install/rovio_interfaces/local/lib/python3.10/dist-packages/rovio_interfaces-2.0.0-py3.10.egg-info/PKG-INFO
-- Symlinking: /home/hann/rovio_ws/install/rovio_interfaces/local/lib/python3.10/dist-packages/rovio_interfaces-2.0.0-py3.10.egg-info/SOURCES.txt
-- Symlinking: /home/hann/rovio_ws/install/rovio_interfaces/local/lib/python3.10/dist-packages/rovio_interfaces-2.0.0-py3.10.egg-info/dependency_links.txt
-- Symlinking: /home/hann/rovio_ws/install/rovio_interfaces/local/lib/python3.10/dist-packages/rovio_interfaces-2.0.0-py3.10.egg-info/top_level.txt
-- Symlinking: /home/hann/rovio_ws/install/rovio_interfaces/local/lib/python3.10/dist-packages/rovio_interfaces/__init__.py
-- Symlinking: /home/hann/rovio_ws/install/rovio_interfaces/local/lib/python3.10/dist-packages/rovio_interfaces/_rovio_interfaces_s.ep.rosidl_typesupport_c.c
-- Symlinking: /home/hann/rovio_ws/install/rovio_interfaces/local/lib/python3.10/dist-packages/rovio_interfaces/_rovio_interfaces_s.ep.rosidl_typesupport_fastrtps_c.c
-- Symlinking: /home/hann/rovio_ws/install/rovio_interfaces/local/lib/python3.10/dist-packages/rovio_interfaces/_rovio_interfaces_s.ep.rosidl_typesupport_introspection_c.c
-- Symlinking: /home/hann/rovio_ws/install/rovio_interfaces/local/lib/python3.10/dist-packages/rovio_interfaces/librovio_interfaces__rosidl_generator_py.so
-- Symlinking: /home/hann/rovio_ws/install/rovio_interfaces/local/lib/python3.10/dist-packages/rovio_interfaces/msg/__init__.py
-- Symlinking: /home/hann/rovio_ws/install/rovio_interfaces/local/lib/python3.10/dist-packages/rovio_interfaces/msg/_health.py
-- Symlinking: /home/hann/rovio_ws/install/rovio_interfaces/local/lib/python3.10/dist-packages/rovio_interfaces/msg/_health_s.c
-- Symlinking: /home/hann/rovio_ws/install/rovio_interfaces/local/lib/python3.10/dist-packages/rovio_interfaces/rovio_interfaces_s__rosidl_typesupport_c.cpython-310-aarch64-linux-gnu.so
-- Symlinking: /home/hann/rovio_ws/install/rovio_interfaces/local/lib/python3.10/dist-packages/rovio_interfaces/rovio_interfaces_s__rosidl_typesupport_fastrtps_c.cpython-310-aarch64-linux-gnu.so
-- Symlinking: /home/hann/rovio_ws/install/rovio_interfaces/local/lib/python3.10/dist-packages/rovio_interfaces/rovio_interfaces_s__rosidl_typesupport_introspection_c.cpython-310-aarch64-linux-gnu.so
-- Symlinking: /home/hann/rovio_ws/install/rovio_interfaces/local/lib/python3.10/dist-packages/rovio_interfaces/srv/__init__.py
-- Symlinking: /home/hann/rovio_ws/install/rovio_interfaces/local/lib/python3.10/dist-packages/rovio_interfaces/srv/_srv_reset_to_pose.py
-- Symlinking: /home/hann/rovio_ws/install/rovio_interfaces/local/lib/python3.10/dist-packages/rovio_interfaces/srv/_srv_reset_to_pose_s.c
-- Up-to-date symlink: /home/hann/rovio_ws/install/rovio_interfaces/local/lib/python3.10/dist-packages/rovio_interfaces/rovio_interfaces_s__rosidl_typesupport_fastrtps_c.cpython-310-aarch64-linux-gnu.so
-- Up-to-date symlink: /home/hann/rovio_ws/install/rovio_interfaces/local/lib/python3.10/dist-packages/rovio_interfaces/rovio_interfaces_s__rosidl_typesupport_introspection_c.cpython-310-aarch64-linux-gnu.so
-- Up-to-date symlink: /home/hann/rovio_ws/install/rovio_interfaces/local/lib/python3.10/dist-packages/rovio_interfaces/rovio_interfaces_s__rosidl_typesupport_c.cpython-310-aarch64-linux-gnu.so
-- Symlinking: /home/hann/rovio_ws/install/rovio_interfaces/share/ament_index/resource_index/rust_packages/rovio_interfaces
-- Symlinking: /home/hann/rovio_ws/install/rovio_interfaces/share/rovio_interfaces/rust/Cargo.toml
-- Symlinking: /home/hann/rovio_ws/install/rovio_interfaces/share/rovio_interfaces/rust/build.rs
-- Symlinking: /home/hann/rovio_ws/install/rovio_interfaces/share/rovio_interfaces/rust/src/lib.rs
-- Symlinking: /home/hann/rovio_ws/install/rovio_interfaces/share/rovio_interfaces/rust/src/msg.rs
-- Symlinking: /home/hann/rovio_ws/install/rovio_interfaces/share/rovio_interfaces/rust/src/msg/rmw.rs
-- Symlinking: /home/hann/rovio_ws/install/rovio_interfaces/share/rovio_interfaces/rust/src/srv.rs
-- Symlinking: /home/hann/rovio_ws/install/rovio_interfaces/share/rovio_interfaces/rust/src/srv/rmw.rs
-- Symlinking: /home/hann/rovio_ws/install/rovio_interfaces/share/rovio_interfaces/srv/SrvResetToPose.idl
-- Symlinking: /home/hann/rovio_ws/install/rovio_interfaces/share/rovio_interfaces/msg/Health.idl
-- Symlinking: /home/hann/rovio_ws/install/rovio_interfaces/share/rovio_interfaces/srv/SrvResetToPose.srv
-- Symlinking: /home/hann/rovio_ws/install/rovio_interfaces/share/rovio_interfaces/srv/SrvResetToPose_Request.msg
-- Symlinking: /home/hann/rovio_ws/install/rovio_interfaces/share/rovio_interfaces/srv/SrvResetToPose_Response.msg
-- Symlinking: /home/hann/rovio_ws/install/rovio_interfaces/share/rovio_interfaces/msg/Health.msg
-- Symlinking: /home/hann/rovio_ws/install/rovio_interfaces/share/ament_index/resource_index/package_run_dependencies/rovio_interfaces
-- Symlinking: /home/hann/rovio_ws/install/rovio_interfaces/share/ament_index/resource_index/parent_prefix_path/rovio_interfaces
-- Symlinking: /home/hann/rovio_ws/install/rovio_interfaces/share/rovio_interfaces/environment/ament_prefix_path.sh
-- Symlinking: /home/hann/rovio_ws/install/rovio_interfaces/share/rovio_interfaces/environment/ament_prefix_path.dsv
-- Symlinking: /home/hann/rovio_ws/install/rovio_interfaces/share/rovio_interfaces/environment/path.sh
-- Symlinking: /home/hann/rovio_ws/install/rovio_interfaces/share/rovio_interfaces/environment/path.dsv
-- Symlinking: /home/hann/rovio_ws/install/rovio_interfaces/share/rovio_interfaces/local_setup.bash
-- Symlinking: /home/hann/rovio_ws/install/rovio_interfaces/share/rovio_interfaces/local_setup.sh
-- Symlinking: /home/hann/rovio_ws/install/rovio_interfaces/share/rovio_interfaces/local_setup.zsh
-- Symlinking: /home/hann/rovio_ws/install/rovio_interfaces/share/rovio_interfaces/local_setup.dsv
-- Symlinking: /home/hann/rovio_ws/install/rovio_interfaces/share/rovio_interfaces/package.dsv
-- Symlinking: /home/hann/rovio_ws/install/rovio_interfaces/share/ament_index/resource_index/packages/rovio_interfaces
-- Symlinking: /home/hann/rovio_ws/install/rovio_interfaces/share/rovio_interfaces/cmake/rosidl_cmake-extras.cmake
-- Symlinking: /home/hann/rovio_ws/install/rovio_interfaces/share/rovio_interfaces/cmake/ament_cmake_export_dependencies-extras.cmake
-- Symlinking: /home/hann/rovio_ws/install/rovio_interfaces/share/rovio_interfaces/cmake/ament_cmake_export_include_directories-extras.cmake
-- Symlinking: /home/hann/rovio_ws/install/rovio_interfaces/share/rovio_interfaces/cmake/ament_cmake_export_libraries-extras.cmake
-- Symlinking: /home/hann/rovio_ws/install/rovio_interfaces/share/rovio_interfaces/cmake/ament_cmake_export_targets-extras.cmake
-- Symlinking: /home/hann/rovio_ws/install/rovio_interfaces/share/rovio_interfaces/cmake/rosidl_cmake_export_typesupport_targets-extras.cmake
-- Symlinking: /home/hann/rovio_ws/install/rovio_interfaces/share/rovio_interfaces/cmake/rosidl_cmake_export_typesupport_libraries-extras.cmake
-- Symlinking: /home/hann/rovio_ws/install/rovio_interfaces/share/rovio_interfaces/cmake/rovio_interfacesConfig.cmake
-- Symlinking: /home/hann/rovio_ws/install/rovio_interfaces/share/rovio_interfaces/cmake/rovio_interfacesConfig-version.cmake
-- Symlinking: /home/hann/rovio_ws/install/rovio_interfaces/share/rovio_interfaces/package.xml
-- Installing: /home/hann/rovio_ws/install/rovio_interfaces/lib/librovio_interfaces__rosidl_generator_c.so
-- Set runtime path of "/home/hann/rovio_ws/install/rovio_interfaces/lib/librovio_interfaces__rosidl_generator_c.so" to ""
-- Installing: /home/hann/rovio_ws/install/rovio_interfaces/lib/librovio_interfaces__rosidl_typesupport_fastrtps_c.so
-- Set runtime path of "/home/hann/rovio_ws/install/rovio_interfaces/lib/librovio_interfaces__rosidl_typesupport_fastrtps_c.so" to ""
-- Installing: /home/hann/rovio_ws/install/rovio_interfaces/lib/librovio_interfaces__rosidl_typesupport_fastrtps_cpp.so
-- Set runtime path of "/home/hann/rovio_ws/install/rovio_interfaces/lib/librovio_interfaces__rosidl_typesupport_fastrtps_cpp.so" to ""
-- Installing: /home/hann/rovio_ws/install/rovio_interfaces/lib/librovio_interfaces__rosidl_typesupport_introspection_c.so
-- Set runtime path of "/home/hann/rovio_ws/install/rovio_interfaces/lib/librovio_interfaces__rosidl_typesupport_introspection_c.so" to ""
-- Installing: /home/hann/rovio_ws/install/rovio_interfaces/lib/librovio_interfaces__rosidl_typesupport_c.so
-- Set runtime path of "/home/hann/rovio_ws/install/rovio_interfaces/lib/librovio_interfaces__rosidl_typesupport_c.so" to ""
-- Installing: /home/hann/rovio_ws/install/rovio_interfaces/lib/librovio_interfaces__rosidl_typesupport_introspection_cpp.so
-- Set runtime path of "/home/hann/rovio_ws/install/rovio_interfaces/lib/librovio_interfaces__rosidl_typesupport_introspection_cpp.so" to ""
-- Installing: /home/hann/rovio_ws/install/rovio_interfaces/lib/librovio_interfaces__rosidl_typesupport_cpp.so
-- Set runtime path of "/home/hann/rovio_ws/install/rovio_interfaces/lib/librovio_interfaces__rosidl_typesupport_cpp.so" to ""
Listing '/home/hann/rovio_ws/install/rovio_interfaces/local/lib/python3.10/dist-packages/rovio_interfaces'...
Compiling '/home/hann/rovio_ws/install/rovio_interfaces/local/lib/python3.10/dist-packages/rovio_interfaces/__init__.py'...
Listing '/home/hann/rovio_ws/install/rovio_interfaces/local/lib/python3.10/dist-packages/rovio_interfaces/msg'...
Compiling '/home/hann/rovio_ws/install/rovio_interfaces/local/lib/python3.10/dist-packages/rovio_interfaces/msg/__init__.py'...
Compiling '/home/hann/rovio_ws/install/rovio_interfaces/local/lib/python3.10/dist-packages/rovio_interfaces/msg/_health.py'...
Listing '/home/hann/rovio_ws/install/rovio_interfaces/local/lib/python3.10/dist-packages/rovio_interfaces/srv'...
Compiling '/home/hann/rovio_ws/install/rovio_interfaces/local/lib/python3.10/dist-packages/rovio_interfaces/srv/__init__.py'...
Compiling '/home/hann/rovio_ws/install/rovio_interfaces/local/lib/python3.10/dist-packages/rovio_interfaces/srv/_srv_reset_to_pose.py'...
-- Installing: /home/hann/rovio_ws/install/rovio_interfaces/lib/librovio_interfaces__rosidl_generator_py.so
-- Set runtime path of "/home/hann/rovio_ws/install/rovio_interfaces/lib/librovio_interfaces__rosidl_generator_py.so" to ""
-- Installing: /home/hann/rovio_ws/install/rovio_interfaces/share/rovio_interfaces/cmake/export_rovio_interfaces__rosidl_generator_cExport.cmake
-- Installing: /home/hann/rovio_ws/install/rovio_interfaces/share/rovio_interfaces/cmake/export_rovio_interfaces__rosidl_generator_cExport-release.cmake
-- Installing: /home/hann/rovio_ws/install/rovio_interfaces/share/rovio_interfaces/cmake/export_rovio_interfaces__rosidl_typesupport_fastrtps_cExport.cmake
-- Installing: /home/hann/rovio_ws/install/rovio_interfaces/share/rovio_interfaces/cmake/export_rovio_interfaces__rosidl_typesupport_fastrtps_cExport-release.cmake
-- Installing: /home/hann/rovio_ws/install/rovio_interfaces/share/rovio_interfaces/cmake/export_rovio_interfaces__rosidl_generator_cppExport.cmake
-- Installing: /home/hann/rovio_ws/install/rovio_interfaces/share/rovio_interfaces/cmake/export_rovio_interfaces__rosidl_typesupport_fastrtps_cppExport.cmake
-- Installing: /home/hann/rovio_ws/install/rovio_interfaces/share/rovio_interfaces/cmake/export_rovio_interfaces__rosidl_typesupport_fastrtps_cppExport-release.cmake
-- Installing: /home/hann/rovio_ws/install/rovio_interfaces/share/rovio_interfaces/cmake/rovio_interfaces__rosidl_typesupport_introspection_cExport.cmake
-- Installing: /home/hann/rovio_ws/install/rovio_interfaces/share/rovio_interfaces/cmake/rovio_interfaces__rosidl_typesupport_introspection_cExport-release.cmake
-- Installing: /home/hann/rovio_ws/install/rovio_interfaces/share/rovio_interfaces/cmake/rovio_interfaces__rosidl_typesupport_cExport.cmake
-- Installing: /home/hann/rovio_ws/install/rovio_interfaces/share/rovio_interfaces/cmake/rovio_interfaces__rosidl_typesupport_cExport-release.cmake
-- Installing: /home/hann/rovio_ws/install/rovio_interfaces/share/rovio_interfaces/cmake/rovio_interfaces__rosidl_typesupport_introspection_cppExport.cmake
-- Installing: /home/hann/rovio_ws/install/rovio_interfaces/share/rovio_interfaces/cmake/rovio_interfaces__rosidl_typesupport_introspection_cppExport-release.cmake
-- Installing: /home/hann/rovio_ws/install/rovio_interfaces/share/rovio_interfaces/cmake/rovio_interfaces__rosidl_typesupport_cppExport.cmake
-- Installing: /home/hann/rovio_ws/install/rovio_interfaces/share/rovio_interfaces/cmake/rovio_interfaces__rosidl_typesupport_cppExport-release.cmake
-- Installing: /home/hann/rovio_ws/install/rovio_interfaces/share/rovio_interfaces/cmake/export_rovio_interfaces__rosidl_generator_pyExport.cmake
-- Installing: /home/hann/rovio_ws/install/rovio_interfaces/share/rovio_interfaces/cmake/export_rovio_interfaces__rosidl_generator_pyExport-release.cmake
