[0.233s] DEBUG:colcon:Command line arguments: ['/usr/bin/colcon', 'build', '--packages-select', 'rovio_qos_relay', '--symlink-install']
[0.233s] DEBUG:colcon:Parsed command line arguments: Namespace(log_base=None, log_level=None, verb_name='build', build_base='build', install_base='install', merge_install=False, symlink_install=True, test_result_base=None, continue_on_error=False, executor='parallel', parallel_workers=6, event_handlers=None, ignore_user_meta=False, metas=['./colcon.meta'], base_paths=['.'], packages_ignore=None, packages_ignore_regex=None, paths=None, packages_up_to=None, packages_up_to_regex=None, packages_above=None, packages_above_and_dependencies=None, packages_above_depth=None, packages_select_by_dep=None, packages_skip_by_dep=None, packages_skip_up_to=None, packages_select_build_failed=False, packages_skip_build_finished=False, packages_select_test_failures=False, packages_skip_test_passed=False, packages_select=['rovio_qos_relay'], packages_skip=None, packages_select_regex=None, packages_skip_regex=None, packages_start=None, packages_end=None, allow_overriding=[], cmake_args=None, cmake_target=None, cmake_target_skip_unavailable=False, cmake_clean_cache=False, cmake_clean_first=False, cmake_force_configure=False, ament_cmake_args=None, catkin_cmake_args=None, catkin_skip_building_tests=False, verb_parser=<colcon_defaults.argument_parser.defaults.DefaultArgumentsDecorator object at 0xffff9d1b1a80>, verb_extension=<colcon_core.verb.build.BuildVerb object at 0xffff9d29eec0>, main=<bound method BuildVerb.main of <colcon_core.verb.build.BuildVerb object at 0xffff9d29eec0>>)
[0.599s] Level 1:colcon.colcon_core.package_discovery:discover_packages(colcon_meta) check parameters
[0.600s] Level 1:colcon.colcon_core.package_discovery:discover_packages(recursive) check parameters
[0.600s] Level 1:colcon.colcon_core.package_discovery:discover_packages(ignore) check parameters
[0.600s] Level 1:colcon.colcon_core.package_discovery:discover_packages(path) check parameters
[0.600s] Level 1:colcon.colcon_core.package_discovery:discover_packages(colcon_meta) discover
[0.600s] Level 1:colcon.colcon_core.package_discovery:discover_packages(recursive) discover
[0.600s] INFO:colcon.colcon_core.package_discovery:Crawling recursively for packages in '/home/hann/rovio_ws'
[0.601s] Level 1:colcon.colcon_core.package_identification:_identify(.) by extensions ['ignore', 'ignore_ament_install']
[0.601s] Level 1:colcon.colcon_core.package_identification:_identify(.) by extension 'ignore'
[0.601s] Level 1:colcon.colcon_core.package_identification:_identify(.) by extension 'ignore_ament_install'
[0.601s] Level 1:colcon.colcon_core.package_identification:_identify(.) by extensions ['colcon_pkg']
[0.601s] Level 1:colcon.colcon_core.package_identification:_identify(.) by extension 'colcon_pkg'
[0.601s] Level 1:colcon.colcon_core.package_identification:_identify(.) by extensions ['colcon_meta']
[0.601s] Level 1:colcon.colcon_core.package_identification:_identify(.) by extension 'colcon_meta'
[0.601s] Level 1:colcon.colcon_core.package_identification:_identify(.) by extensions ['ros']
[0.602s] Level 1:colcon.colcon_core.package_identification:_identify(.) by extension 'ros'
[0.692s] Level 1:colcon.colcon_core.package_identification:_identify(.) by extensions ['cmake', 'python']
[0.693s] Level 1:colcon.colcon_core.package_identification:_identify(.) by extension 'cmake'
[0.693s] Level 1:colcon.colcon_core.package_identification:_identify(.) by extension 'python'
[0.693s] Level 1:colcon.colcon_core.package_identification:_identify(.) by extensions ['python_setup_py']
[0.693s] Level 1:colcon.colcon_core.package_identification:_identify(.) by extension 'python_setup_py'
[0.693s] Level 1:colcon.colcon_core.package_identification:_identify(build) by extensions ['ignore', 'ignore_ament_install']
[0.694s] Level 1:colcon.colcon_core.package_identification:_identify(build) by extension 'ignore'
[0.694s] Level 1:colcon.colcon_core.package_identification:_identify(build) ignored
[0.694s] Level 1:colcon.colcon_core.package_identification:_identify(install) by extensions ['ignore', 'ignore_ament_install']
[0.694s] Level 1:colcon.colcon_core.package_identification:_identify(install) by extension 'ignore'
[0.694s] Level 1:colcon.colcon_core.package_identification:_identify(install) ignored
[0.695s] Level 1:colcon.colcon_core.package_identification:_identify(log) by extensions ['ignore', 'ignore_ament_install']
[0.695s] Level 1:colcon.colcon_core.package_identification:_identify(log) by extension 'ignore'
[0.695s] Level 1:colcon.colcon_core.package_identification:_identify(log) ignored
[0.695s] Level 1:colcon.colcon_core.package_identification:_identify(src) by extensions ['ignore', 'ignore_ament_install']
[0.695s] Level 1:colcon.colcon_core.package_identification:_identify(src) by extension 'ignore'
[0.695s] Level 1:colcon.colcon_core.package_identification:_identify(src) by extension 'ignore_ament_install'
[0.696s] Level 1:colcon.colcon_core.package_identification:_identify(src) by extensions ['colcon_pkg']
[0.696s] Level 1:colcon.colcon_core.package_identification:_identify(src) by extension 'colcon_pkg'
[0.696s] Level 1:colcon.colcon_core.package_identification:_identify(src) by extensions ['colcon_meta']
[0.696s] Level 1:colcon.colcon_core.package_identification:_identify(src) by extension 'colcon_meta'
[0.696s] Level 1:colcon.colcon_core.package_identification:_identify(src) by extensions ['ros']
[0.696s] Level 1:colcon.colcon_core.package_identification:_identify(src) by extension 'ros'
[0.696s] Level 1:colcon.colcon_core.package_identification:_identify(src) by extensions ['cmake', 'python']
[0.696s] Level 1:colcon.colcon_core.package_identification:_identify(src) by extension 'cmake'
[0.696s] Level 1:colcon.colcon_core.package_identification:_identify(src) by extension 'python'
[0.697s] Level 1:colcon.colcon_core.package_identification:_identify(src) by extensions ['python_setup_py']
[0.697s] Level 1:colcon.colcon_core.package_identification:_identify(src) by extension 'python_setup_py'
[0.697s] Level 1:colcon.colcon_core.package_identification:_identify(src/rovio) by extensions ['ignore', 'ignore_ament_install']
[0.697s] Level 1:colcon.colcon_core.package_identification:_identify(src/rovio) by extension 'ignore'
[0.697s] Level 1:colcon.colcon_core.package_identification:_identify(src/rovio) by extension 'ignore_ament_install'
[0.697s] Level 1:colcon.colcon_core.package_identification:_identify(src/rovio) by extensions ['colcon_pkg']
[0.697s] Level 1:colcon.colcon_core.package_identification:_identify(src/rovio) by extension 'colcon_pkg'
[0.697s] Level 1:colcon.colcon_core.package_identification:_identify(src/rovio) by extensions ['colcon_meta']
[0.697s] Level 1:colcon.colcon_core.package_identification:_identify(src/rovio) by extension 'colcon_meta'
[0.698s] Level 1:colcon.colcon_core.package_identification:_identify(src/rovio) by extensions ['ros']
[0.698s] Level 1:colcon.colcon_core.package_identification:_identify(src/rovio) by extension 'ros'
[0.706s] DEBUG:colcon.colcon_core.package_identification:Package 'src/rovio' with type 'ros.ament_cmake' and name 'rovio'
[0.706s] Level 1:colcon.colcon_core.package_identification:_identify(src/rovio_interfaces) by extensions ['ignore', 'ignore_ament_install']
[0.706s] Level 1:colcon.colcon_core.package_identification:_identify(src/rovio_interfaces) by extension 'ignore'
[0.707s] Level 1:colcon.colcon_core.package_identification:_identify(src/rovio_interfaces) by extension 'ignore_ament_install'
[0.707s] Level 1:colcon.colcon_core.package_identification:_identify(src/rovio_interfaces) by extensions ['colcon_pkg']
[0.707s] Level 1:colcon.colcon_core.package_identification:_identify(src/rovio_interfaces) by extension 'colcon_pkg'
[0.707s] Level 1:colcon.colcon_core.package_identification:_identify(src/rovio_interfaces) by extensions ['colcon_meta']
[0.707s] Level 1:colcon.colcon_core.package_identification:_identify(src/rovio_interfaces) by extension 'colcon_meta'
[0.707s] Level 1:colcon.colcon_core.package_identification:_identify(src/rovio_interfaces) by extensions ['ros']
[0.707s] Level 1:colcon.colcon_core.package_identification:_identify(src/rovio_interfaces) by extension 'ros'
[0.709s] DEBUG:colcon.colcon_core.package_identification:Package 'src/rovio_interfaces' with type 'ros.ament_cmake' and name 'rovio_interfaces'
[0.709s] Level 1:colcon.colcon_core.package_identification:_identify(src/rovio_qos_relay) by extensions ['ignore', 'ignore_ament_install']
[0.709s] Level 1:colcon.colcon_core.package_identification:_identify(src/rovio_qos_relay) by extension 'ignore'
[0.709s] Level 1:colcon.colcon_core.package_identification:_identify(src/rovio_qos_relay) by extension 'ignore_ament_install'
[0.709s] Level 1:colcon.colcon_core.package_identification:_identify(src/rovio_qos_relay) by extensions ['colcon_pkg']
[0.709s] Level 1:colcon.colcon_core.package_identification:_identify(src/rovio_qos_relay) by extension 'colcon_pkg'
[0.710s] Level 1:colcon.colcon_core.package_identification:_identify(src/rovio_qos_relay) by extensions ['colcon_meta']
[0.710s] Level 1:colcon.colcon_core.package_identification:_identify(src/rovio_qos_relay) by extension 'colcon_meta'
[0.710s] Level 1:colcon.colcon_core.package_identification:_identify(src/rovio_qos_relay) by extensions ['ros']
[0.710s] Level 1:colcon.colcon_core.package_identification:_identify(src/rovio_qos_relay) by extension 'ros'
[0.711s] DEBUG:colcon.colcon_core.package_identification:Package 'src/rovio_qos_relay' with type 'ros.ament_python' and name 'rovio_qos_relay'
[0.711s] Level 1:colcon.colcon_core.package_discovery:discover_packages(recursive) using defaults
[0.711s] Level 1:colcon.colcon_core.package_discovery:discover_packages(ignore) discover
[0.711s] Level 1:colcon.colcon_core.package_discovery:discover_packages(ignore) using defaults
[0.711s] Level 1:colcon.colcon_core.package_discovery:discover_packages(path) discover
[0.711s] Level 1:colcon.colcon_core.package_discovery:discover_packages(path) using defaults
[0.752s] INFO:colcon.colcon_core.package_selection:Skipping not selected package 'rovio_interfaces' in 'src/rovio_interfaces'
[0.752s] INFO:colcon.colcon_core.package_selection:Skipping not selected package 'rovio' in 'src/rovio'
[0.753s] Level 1:colcon.colcon_core.package_discovery:discover_packages(prefix_path) check parameters
[0.753s] Level 1:colcon.colcon_core.package_discovery:discover_packages(prefix_path) discover
[0.758s] DEBUG:colcon.colcon_installed_package_information.package_discovery:Found 3 installed packages in /home/hann/rovio_ws/install
[0.760s] DEBUG:colcon.colcon_installed_package_information.package_discovery:Found 284 installed packages in /opt/ros/humble
[0.763s] Level 1:colcon.colcon_core.package_discovery:discover_packages(prefix_path) using defaults
[0.845s] Level 5:colcon.colcon_core.verb:set package 'rovio_qos_relay' build argument 'cmake_args' from command line to 'None'
[0.845s] Level 5:colcon.colcon_core.verb:set package 'rovio_qos_relay' build argument 'cmake_target' from command line to 'None'
[0.845s] Level 5:colcon.colcon_core.verb:set package 'rovio_qos_relay' build argument 'cmake_target_skip_unavailable' from command line to 'False'
[0.845s] Level 5:colcon.colcon_core.verb:set package 'rovio_qos_relay' build argument 'cmake_clean_cache' from command line to 'False'
[0.845s] Level 5:colcon.colcon_core.verb:set package 'rovio_qos_relay' build argument 'cmake_clean_first' from command line to 'False'
[0.845s] Level 5:colcon.colcon_core.verb:set package 'rovio_qos_relay' build argument 'cmake_force_configure' from command line to 'False'
[0.845s] Level 5:colcon.colcon_core.verb:set package 'rovio_qos_relay' build argument 'ament_cmake_args' from command line to 'None'
[0.845s] Level 5:colcon.colcon_core.verb:set package 'rovio_qos_relay' build argument 'catkin_cmake_args' from command line to 'None'
[0.845s] Level 5:colcon.colcon_core.verb:set package 'rovio_qos_relay' build argument 'catkin_skip_building_tests' from command line to 'False'
[0.845s] DEBUG:colcon.colcon_core.verb:Building package 'rovio_qos_relay' with the following arguments: {'ament_cmake_args': None, 'build_base': '/home/hann/rovio_ws/build/rovio_qos_relay', 'catkin_cmake_args': None, 'catkin_skip_building_tests': False, 'cmake_args': None, 'cmake_clean_cache': False, 'cmake_clean_first': False, 'cmake_force_configure': False, 'cmake_target': None, 'cmake_target_skip_unavailable': False, 'install_base': '/home/hann/rovio_ws/install/rovio_qos_relay', 'merge_install': False, 'path': '/home/hann/rovio_ws/src/rovio_qos_relay', 'symlink_install': True, 'test_result_base': None}
[0.846s] INFO:colcon.colcon_core.executor:Executing jobs using 'parallel' executor
[0.848s] DEBUG:colcon.colcon_parallel_executor.executor.parallel:run_until_complete
[0.849s] INFO:colcon.colcon_ros.task.ament_python.build:Building ROS package in '/home/hann/rovio_ws/src/rovio_qos_relay' with build type 'ament_python'
[0.849s] Level 1:colcon.colcon_core.shell:create_environment_hook('rovio_qos_relay', 'ament_prefix_path')
[0.854s] INFO:colcon.colcon_core.plugin_system:Skipping extension 'colcon_core.shell.bat': Not used on non-Windows systems
[0.855s] INFO:colcon.colcon_core.shell:Creating environment hook '/home/hann/rovio_ws/install/rovio_qos_relay/share/rovio_qos_relay/hook/ament_prefix_path.ps1'
[0.856s] INFO:colcon.colcon_core.shell:Creating environment descriptor '/home/hann/rovio_ws/install/rovio_qos_relay/share/rovio_qos_relay/hook/ament_prefix_path.dsv'
[0.857s] INFO:colcon.colcon_core.shell:Creating environment hook '/home/hann/rovio_ws/install/rovio_qos_relay/share/rovio_qos_relay/hook/ament_prefix_path.sh'
[0.859s] INFO:colcon.colcon_core.shell:Skip shell extension 'powershell' for command environment: Not usable outside of PowerShell
[0.859s] DEBUG:colcon.colcon_core.shell:Skip shell extension 'dsv' for command environment
[1.444s] INFO:colcon.colcon_core.task.python.build:Building Python package in '/home/hann/rovio_ws/src/rovio_qos_relay'
[1.445s] INFO:colcon.colcon_core.shell:Skip shell extension 'powershell' for command environment: Not usable outside of PowerShell
[1.445s] DEBUG:colcon.colcon_core.shell:Skip shell extension 'dsv' for command environment
[2.334s] DEBUG:colcon.colcon_core.event_handler.log_command:Invoking command in '/home/hann/rovio_ws/build/rovio_qos_relay': CMAKE_PREFIX_PATH=/home/hann/rovio_ws/install/rovio_interfaces:/home/hann/rovio_ws/install/rovio LD_LIBRARY_PATH=/home/hann/rovio_ws/install/rovio_interfaces/lib:/home/hann/rovio_ws/install/rovio/lib:/usr/local/lib:/opt/ros/humble/opt/rviz_ogre_vendor/lib:/opt/ros/humble/lib/aarch64-linux-gnu:/opt/ros/humble/lib PYTHONPATH=/home/hann/rovio_ws/build/rovio_qos_relay/prefix_override:/usr/lib/python3/dist-packages/colcon_core/task/python/colcon_distutils_commands:/home/hann/rovio_ws/install/rovio_qos_relay/lib/python3.10/site-packages:${PYTHONPATH} /usr/bin/python3 -W ignore:setup.py install is deprecated -W ignore:easy_install command is deprecated setup.py develop --editable --build-directory /home/hann/rovio_ws/build/rovio_qos_relay/build --no-deps symlink_data
[3.369s] Level 1:colcon.colcon_core.shell:create_environment_hook('rovio_qos_relay', 'pythonpath_develop')
[3.371s] INFO:colcon.colcon_core.shell:Creating environment hook '/home/hann/rovio_ws/build/rovio_qos_relay/share/rovio_qos_relay/hook/pythonpath_develop.ps1'
[3.371s] DEBUG:colcon.colcon_core.event_handler.log_command:Invoked command in '/home/hann/rovio_ws/build/rovio_qos_relay' returned '0': CMAKE_PREFIX_PATH=/home/hann/rovio_ws/install/rovio_interfaces:/home/hann/rovio_ws/install/rovio LD_LIBRARY_PATH=/home/hann/rovio_ws/install/rovio_interfaces/lib:/home/hann/rovio_ws/install/rovio/lib:/usr/local/lib:/opt/ros/humble/opt/rviz_ogre_vendor/lib:/opt/ros/humble/lib/aarch64-linux-gnu:/opt/ros/humble/lib PYTHONPATH=/home/hann/rovio_ws/build/rovio_qos_relay/prefix_override:/usr/lib/python3/dist-packages/colcon_core/task/python/colcon_distutils_commands:/home/hann/rovio_ws/install/rovio_qos_relay/lib/python3.10/site-packages:${PYTHONPATH} /usr/bin/python3 -W ignore:setup.py install is deprecated -W ignore:easy_install command is deprecated setup.py develop --editable --build-directory /home/hann/rovio_ws/build/rovio_qos_relay/build --no-deps symlink_data
[3.373s] INFO:colcon.colcon_core.shell:Creating environment descriptor '/home/hann/rovio_ws/build/rovio_qos_relay/share/rovio_qos_relay/hook/pythonpath_develop.dsv'
[3.375s] INFO:colcon.colcon_core.shell:Creating environment hook '/home/hann/rovio_ws/build/rovio_qos_relay/share/rovio_qos_relay/hook/pythonpath_develop.sh'
[3.385s] Level 1:colcon.colcon_core.environment:checking '/home/hann/rovio_ws/install/rovio_qos_relay' for CMake module files
[3.386s] Level 1:colcon.colcon_core.environment:checking '/home/hann/rovio_ws/install/rovio_qos_relay' for CMake config files
[3.389s] Level 1:colcon.colcon_core.environment:checking '/home/hann/rovio_ws/install/rovio_qos_relay/lib'
[3.390s] Level 1:colcon.colcon_core.environment:checking '/home/hann/rovio_ws/install/rovio_qos_relay/bin'
[3.390s] Level 1:colcon.colcon_core.environment:checking '/home/hann/rovio_ws/install/rovio_qos_relay/lib/pkgconfig/rovio_qos_relay.pc'
[3.391s] Level 1:colcon.colcon_core.environment:checking '/home/hann/rovio_ws/install/rovio_qos_relay/lib/python3.10/site-packages'
[3.391s] Level 1:colcon.colcon_core.shell:create_environment_hook('rovio_qos_relay', 'pythonpath')
[3.392s] INFO:colcon.colcon_core.shell:Creating environment hook '/home/hann/rovio_ws/install/rovio_qos_relay/share/rovio_qos_relay/hook/pythonpath.ps1'
[3.394s] INFO:colcon.colcon_core.shell:Creating environment descriptor '/home/hann/rovio_ws/install/rovio_qos_relay/share/rovio_qos_relay/hook/pythonpath.dsv'
[3.395s] INFO:colcon.colcon_core.shell:Creating environment hook '/home/hann/rovio_ws/install/rovio_qos_relay/share/rovio_qos_relay/hook/pythonpath.sh'
[3.398s] Level 1:colcon.colcon_core.environment:checking '/home/hann/rovio_ws/install/rovio_qos_relay/bin'
[3.398s] Level 1:colcon.colcon_core.environment:create_environment_scripts_only(rovio_qos_relay)
[3.400s] INFO:colcon.colcon_core.shell:Creating package script '/home/hann/rovio_ws/install/rovio_qos_relay/share/rovio_qos_relay/package.ps1'
[3.404s] INFO:colcon.colcon_core.shell:Creating package descriptor '/home/hann/rovio_ws/install/rovio_qos_relay/share/rovio_qos_relay/package.dsv'
[3.407s] INFO:colcon.colcon_core.shell:Creating package script '/home/hann/rovio_ws/install/rovio_qos_relay/share/rovio_qos_relay/package.sh'
[3.410s] INFO:colcon.colcon_core.shell:Creating package script '/home/hann/rovio_ws/install/rovio_qos_relay/share/rovio_qos_relay/package.bash'
[3.413s] INFO:colcon.colcon_core.shell:Creating package script '/home/hann/rovio_ws/install/rovio_qos_relay/share/rovio_qos_relay/package.zsh'
[3.416s] Level 1:colcon.colcon_core.environment:create_file_with_runtime_dependencies(/home/hann/rovio_ws/install/rovio_qos_relay/share/colcon-core/packages/rovio_qos_relay)
[3.417s] DEBUG:colcon.colcon_parallel_executor.executor.parallel:closing loop
[3.418s] DEBUG:colcon.colcon_parallel_executor.executor.parallel:loop closed
[3.418s] DEBUG:colcon.colcon_parallel_executor.executor.parallel:run_until_complete finished with '0'
[3.418s] DEBUG:colcon.colcon_core.event_reactor:joining thread
[3.419s] DEBUG:colcon.colcon_core.event_reactor:joined thread
[3.420s] INFO:colcon.colcon_core.shell:Creating prefix script '/home/hann/rovio_ws/install/local_setup.ps1'
[3.424s] INFO:colcon.colcon_core.shell:Creating prefix util module '/home/hann/rovio_ws/install/_local_setup_util_ps1.py'
[3.429s] INFO:colcon.colcon_core.shell:Creating prefix chain script '/home/hann/rovio_ws/install/setup.ps1'
[3.434s] INFO:colcon.colcon_core.shell:Creating prefix script '/home/hann/rovio_ws/install/local_setup.sh'
[3.436s] INFO:colcon.colcon_core.shell:Creating prefix util module '/home/hann/rovio_ws/install/_local_setup_util_sh.py'
[3.439s] INFO:colcon.colcon_core.shell:Creating prefix chain script '/home/hann/rovio_ws/install/setup.sh'
[3.443s] INFO:colcon.colcon_core.shell:Creating prefix script '/home/hann/rovio_ws/install/local_setup.bash'
[3.444s] INFO:colcon.colcon_core.shell:Creating prefix chain script '/home/hann/rovio_ws/install/setup.bash'
[3.448s] INFO:colcon.colcon_core.shell:Creating prefix script '/home/hann/rovio_ws/install/local_setup.zsh'
[3.450s] INFO:colcon.colcon_core.shell:Creating prefix chain script '/home/hann/rovio_ws/install/setup.zsh'
