running develop
running egg_info
creating rovio_qos_relay.egg-info
writing rovio_qos_relay.egg-info/PKG-INFO
writing dependency_links to rovio_qos_relay.egg-info/dependency_links.txt
writing entry points to rovio_qos_relay.egg-info/entry_points.txt
writing requirements to rovio_qos_relay.egg-info/requires.txt
writing top-level names to rovio_qos_relay.egg-info/top_level.txt
writing manifest file 'rovio_qos_relay.egg-info/SOURCES.txt'
reading manifest file 'rovio_qos_relay.egg-info/SOURCES.txt'
writing manifest file 'rovio_qos_relay.egg-info/SOURCES.txt'
running build_ext
Creating /home/hann/rovio_ws/install/rovio_qos_relay/lib/python3.10/site-packages/rovio-qos-relay.egg-link (link to .)
Installing d435i_to_rovio_relay script to /home/hann/rovio_ws/install/rovio_qos_relay/lib/rovio_qos_relay

Installed /home/hann/rovio_ws/build/rovio_qos_relay
running symlink_data
creating /home/hann/rovio_ws/install/rovio_qos_relay/share/ament_index
creating /home/hann/rovio_ws/install/rovio_qos_relay/share/ament_index/resource_index
creating /home/hann/rovio_ws/install/rovio_qos_relay/share/ament_index/resource_index/packages
symbolically linking /home/hann/rovio_ws/build/rovio_qos_relay/resource/rovio_qos_relay -> /home/hann/rovio_ws/install/rovio_qos_relay/share/ament_index/resource_index/packages
symbolically linking /home/hann/rovio_ws/build/rovio_qos_relay/package.xml -> /home/hann/rovio_ws/install/rovio_qos_relay/share/rovio_qos_relay
