[1.507s] Invoking command in '/home/hann/rovio_ws/build/rovio_qos_relay': PYTHONPATH=/home/hann/rovio_ws/build/rovio_qos_relay/prefix_override:/usr/lib/python3/dist-packages/colcon_core/task/python/colcon_distutils_commands:/home/hann/rovio_ws/install/rovio_qos_relay/lib/python3.10/site-packages:${PYTHONPATH} /usr/bin/python3 -W ignore:setup.py install is deprecated -W ignore:easy_install command is deprecated setup.py develop --editable --build-directory /home/hann/rovio_ws/build/rovio_qos_relay/build --no-deps symlink_data
[2.052s] running develop
[2.416s] running egg_info
[2.416s] creating rovio_qos_relay.egg-info
[2.416s] writing rovio_qos_relay.egg-info/PKG-INFO
[2.417s] writing dependency_links to rovio_qos_relay.egg-info/dependency_links.txt
[2.417s] writing entry points to rovio_qos_relay.egg-info/entry_points.txt
[2.417s] writing requirements to rovio_qos_relay.egg-info/requires.txt
[2.417s] writing top-level names to rovio_qos_relay.egg-info/top_level.txt
[2.418s] writing manifest file 'rovio_qos_relay.egg-info/SOURCES.txt'
[2.421s] reading manifest file 'rovio_qos_relay.egg-info/SOURCES.txt'
[2.423s] writing manifest file 'rovio_qos_relay.egg-info/SOURCES.txt'
[2.425s] running build_ext
[2.426s] Creating /home/hann/rovio_ws/install/rovio_qos_relay/lib/python3.10/site-packages/rovio-qos-relay.egg-link (link to .)
[2.427s] Installing d435i_to_rovio_relay script to /home/hann/rovio_ws/install/rovio_qos_relay/lib/rovio_qos_relay
[2.428s] 
[2.428s] Installed /home/hann/rovio_ws/build/rovio_qos_relay
[2.428s] running symlink_data
[2.429s] creating /home/hann/rovio_ws/install/rovio_qos_relay/share/ament_index
[2.429s] creating /home/hann/rovio_ws/install/rovio_qos_relay/share/ament_index/resource_index
[2.429s] creating /home/hann/rovio_ws/install/rovio_qos_relay/share/ament_index/resource_index/packages
[2.429s] symbolically linking /home/hann/rovio_ws/build/rovio_qos_relay/resource/rovio_qos_relay -> /home/hann/rovio_ws/install/rovio_qos_relay/share/ament_index/resource_index/packages
[2.429s] symbolically linking /home/hann/rovio_ws/build/rovio_qos_relay/package.xml -> /home/hann/rovio_ws/install/rovio_qos_relay/share/rovio_qos_relay
[2.510s] Invoked command in '/home/hann/rovio_ws/build/rovio_qos_relay' returned '0': PYTHONPATH=/home/hann/rovio_ws/build/rovio_qos_relay/prefix_override:/usr/lib/python3/dist-packages/colcon_core/task/python/colcon_distutils_commands:/home/hann/rovio_ws/install/rovio_qos_relay/lib/python3.10/site-packages:${PYTHONPATH} /usr/bin/python3 -W ignore:setup.py install is deprecated -W ignore:easy_install command is deprecated setup.py develop --editable --build-directory /home/hann/rovio_ws/build/rovio_qos_relay/build --no-deps symlink_data
